This file contains any messages produced by compilers while
running configure, to aid debugging if configure makes a mistake.

It was created by Roman configure 0.0, which was
generated by GNU Autoconf 2.69.  Invocation command line was

  $ ./configure 

## --------- ##
## Platform. ##
## --------- ##

hostname = alewis-VirtualBox
uname -m = x86_64
uname -r = 4.4.0-34-generic
uname -s = Linux
uname -v = #53~14.04.1-Ubuntu SMP Wed Jul 27 16:56:40 UTC 2016

/usr/bin/uname -p = unknown
/bin/uname -X     = unknown

/bin/arch              = unknown
/usr/bin/arch -k       = unknown
/usr/convex/getsysinfo = unknown
/usr/bin/hostinfo      = unknown
/bin/machine           = unknown
/usr/bin/oslevel       = unknown
/bin/universe          = unknown

PATH: /usr/local/sbin
PATH: /usr/local/bin
PATH: /usr/sbin
PATH: /usr/bin
PATH: /sbin
PATH: /bin
PATH: /usr/games
PATH: /usr/local/games


## ----------- ##
## Core tests. ##
## ----------- ##

configure:2267: checking for gcc
configure:2283: found /usr/bin/gcc
configure:2294: result: gcc
configure:2523: checking for C compiler version
configure:2532: gcc --version >&5
gcc (Ubuntu 4.8.4-2ubuntu1~14.04.3) 4.8.4
Copyright (C) 2013 Free Software Foundation, Inc.
This is free software; see the source for copying conditions.  There is NO
warranty; not even for MERCHANTABILITY or FITNESS FOR A PARTICULAR PURPOSE.

configure:2543: $? = 0
configure:2532: gcc -v >&5
Using built-in specs.
COLLECT_GCC=gcc
COLLECT_LTO_WRAPPER=/usr/lib/gcc/x86_64-linux-gnu/4.8/lto-wrapper
Target: x86_64-linux-gnu
Configured with: ../src/configure -v --with-pkgversion='Ubuntu 4.8.4-2ubuntu1~14.04.3' --with-bugurl=file:///usr/share/doc/gcc-4.8/README.Bugs --enable-languages=c,c++,java,go,d,fortran,objc,obj-c++ --prefix=/usr --program-suffix=-4.8 --enable-shared --enable-linker-build-id --libexecdir=/usr/lib --without-included-gettext --enable-threads=posix --with-gxx-include-dir=/usr/include/c++/4.8 --libdir=/usr/lib --enable-nls --with-sysroot=/ --enable-clocale=gnu --enable-libstdcxx-debug --enable-libstdcxx-time=yes --enable-gnu-unique-object --disable-libmudflap --enable-plugin --with-system-zlib --disable-browser-plugin --enable-java-awt=gtk --enable-gtk-cairo --with-java-home=/usr/lib/jvm/java-1.5.0-gcj-4.8-amd64/jre --enable-java-home --with-jvm-root-dir=/usr/lib/jvm/java-1.5.0-gcj-4.8-amd64 --with-jvm-jar-dir=/usr/lib/jvm-exports/java-1.5.0-gcj-4.8-amd64 --with-arch-directory=amd64 --with-ecj-jar=/usr/share/java/eclipse-ecj.jar --enable-objc-gc --enable-multiarch --disable-werror --with-arch-32=i686 --with-abi=m64 --with-multilib-list=m32,m64,mx32 --with-tune=generic --enable-checking=release --build=x86_64-linux-gnu --host=x86_64-linux-gnu --target=x86_64-linux-gnu
Thread model: posix
gcc version 4.8.4 (Ubuntu 4.8.4-2ubuntu1~14.04.3) 
configure:2543: $? = 0
configure:2532: gcc -V >&5
gcc: error: unrecognized command line option '-V'
gcc: fatal error: no input files
compilation terminated.
configure:2543: $? = 4
configure:2532: gcc -qversion >&5
gcc: error: unrecognized command line option '-qversion'
gcc: fatal error: no input files
compilation terminated.
configure:2543: $? = 4
configure:2563: checking whether the C compiler works
configure:2585: gcc    conftest.c  >&5
configure:2589: $? = 0
configure:2637: result: yes
configure:2640: checking for C compiler default output file name
configure:2642: result: a.out
configure:2648: checking for suffix of executables
configure:2655: gcc -o conftest    conftest.c  >&5
configure:2659: $? = 0
configure:2681: result: 
configure:2703: checking whether we are cross compiling
configure:2711: gcc -o conftest    conftest.c  >&5
configure:2715: $? = 0
configure:2722: ./conftest
configure:2726: $? = 0
configure:2741: result: no
configure:2746: checking for suffix of object files
configure:2768: gcc -c   conftest.c >&5
configure:2772: $? = 0
configure:2793: result: o
configure:2797: checking whether we are using the GNU C compiler
configure:2816: gcc -c   conftest.c >&5
configure:2816: $? = 0
configure:2825: result: yes
configure:2834: checking whether gcc accepts -g
configure:2854: gcc -c -g  conftest.c >&5
configure:2854: $? = 0
configure:2895: result: yes
configure:2912: checking for gcc option to accept ISO C89
configure:2975: gcc  -c -g -O2  conftest.c >&5
configure:2975: $? = 0
configure:2988: result: none needed
configure:3013: checking whether gcc understands -c and -o together
configure:3035: gcc -c conftest.c -o conftest2.o
configure:3038: $? = 0
configure:3035: gcc -c conftest.c -o conftest2.o
configure:3038: $? = 0
configure:3050: result: yes
configure:3117: checking for ar
configure:3133: found /usr/bin/ar
configure:3144: result: ar
configure:3170: checking the archiver (ar) interface
configure:3186: gcc -c -g -O2  conftest.c >&5
configure:3186: $? = 0
configure:3188: ar cru libconftest.a conftest.o >&5
configure:3191: $? = 0
configure:3219: result: ar
configure:3292: checking for a BSD-compatible install
configure:3360: result: /usr/bin/install -c
configure:3371: checking whether build environment is sane
configure:3426: result: yes
configure:3461: WARNING: 'missing' script is too old or missing
configure:3574: checking for a thread-safe mkdir -p
configure:3613: result: /bin/mkdir -p
configure:3620: checking for gawk
configure:3650: result: no
configure:3620: checking for mawk
configure:3636: found /usr/bin/mawk
configure:3647: result: mawk
configure:3658: checking whether make sets $(MAKE)
configure:3680: result: yes
configure:3710: checking for style of include used by make
configure:3738: result: GNU
configure:3772: checking whether make supports nested variables
configure:3789: result: yes
configure:3874: checking dependency style of gcc
configure:3985: result: gcc3
configure:4092: checking for gcc
configure:4119: result: gcc
configure:4348: checking for C compiler version
configure:4357: gcc --version >&5
gcc (Ubuntu 4.8.4-2ubuntu1~14.04.3) 4.8.4
Copyright (C) 2013 Free Software Foundation, Inc.
This is free software; see the source for copying conditions.  There is NO
warranty; not even for MERCHANTABILITY or FITNESS FOR A PARTICULAR PURPOSE.

configure:4368: $? = 0
configure:4357: gcc -v >&5
Using built-in specs.
COLLECT_GCC=gcc
COLLECT_LTO_WRAPPER=/usr/lib/gcc/x86_64-linux-gnu/4.8/lto-wrapper
Target: x86_64-linux-gnu
Configured with: ../src/configure -v --with-pkgversion='Ubuntu 4.8.4-2ubuntu1~14.04.3' --with-bugurl=file:///usr/share/doc/gcc-4.8/README.Bugs --enable-languages=c,c++,java,go,d,fortran,objc,obj-c++ --prefix=/usr --program-suffix=-4.8 --enable-shared --enable-linker-build-id --libexecdir=/usr/lib --without-included-gettext --enable-threads=posix --with-gxx-include-dir=/usr/include/c++/4.8 --libdir=/usr/lib --enable-nls --with-sysroot=/ --enable-clocale=gnu --enable-libstdcxx-debug --enable-libstdcxx-time=yes --enable-gnu-unique-object --disable-libmudflap --enable-plugin --with-system-zlib --disable-browser-plugin --enable-java-awt=gtk --enable-gtk-cairo --with-java-home=/usr/lib/jvm/java-1.5.0-gcj-4.8-amd64/jre --enable-java-home --with-jvm-root-dir=/usr/lib/jvm/java-1.5.0-gcj-4.8-amd64 --with-jvm-jar-dir=/usr/lib/jvm-exports/java-1.5.0-gcj-4.8-amd64 --with-arch-directory=amd64 --with-ecj-jar=/usr/share/java/eclipse-ecj.jar --enable-objc-gc --enable-multiarch --disable-werror --with-arch-32=i686 --with-abi=m64 --with-multilib-list=m32,m64,mx32 --with-tune=generic --enable-checking=release --build=x86_64-linux-gnu --host=x86_64-linux-gnu --target=x86_64-linux-gnu
Thread model: posix
gcc version 4.8.4 (Ubuntu 4.8.4-2ubuntu1~14.04.3) 
configure:4368: $? = 0
configure:4357: gcc -V >&5
gcc: error: unrecognized command line option '-V'
gcc: fatal error: no input files
compilation terminated.
configure:4368: $? = 4
configure:4357: gcc -qversion >&5
gcc: error: unrecognized command line option '-qversion'
gcc: fatal error: no input files
compilation terminated.
configure:4368: $? = 4
configure:4372: checking whether we are using the GNU C compiler
configure:4400: result: yes
configure:4409: checking whether gcc accepts -g
configure:4470: result: yes
configure:4487: checking for gcc option to accept ISO C89
configure:4563: result: none needed
configure:4588: checking whether gcc understands -c and -o together
configure:4625: result: yes
configure:4671: checking build system type
configure:4685: result: x86_64-unknown-linux-gnu
configure:4705: checking host system type
configure:4718: result: x86_64-unknown-linux-gnu
configure:4759: checking how to print strings
configure:4786: result: printf
configure:4807: checking for a sed that does not truncate output
configure:4871: result: /bin/sed
configure:4889: checking for grep that handles long lines and -e
configure:4947: result: /bin/grep
configure:4952: checking for egrep
configure:5014: result: /bin/grep -E
configure:5019: checking for fgrep
configure:5081: result: /bin/grep -F
configure:5116: checking for ld used by gcc
configure:5183: result: /usr/bin/ld
configure:5190: checking if the linker (/usr/bin/ld) is GNU ld
configure:5205: result: yes
configure:5217: checking for BSD- or MS-compatible name lister (nm)
configure:5266: result: /usr/bin/nm -B
configure:5396: checking the name lister (/usr/bin/nm -B) interface
configure:5403: gcc -c -g -O2  conftest.c >&5
configure:5406: /usr/bin/nm -B "conftest.o"
configure:5409: output
0000000000000000 B some_variable
configure:5416: result: BSD nm
configure:5419: checking whether ln -s works
configure:5423: result: yes
configure:5431: checking the maximum length of command line arguments
configure:5562: result: 1572864
configure:5579: checking whether the shell understands some XSI constructs
configure:5589: result: yes
configure:5593: checking whether the shell understands "+="
configure:5599: result: yes
configure:5634: checking how to convert x86_64-unknown-linux-gnu file names to x86_64-unknown-linux-gnu format
configure:5674: result: func_convert_file_noop
configure:5681: checking how to convert x86_64-unknown-linux-gnu file names to toolchain format
configure:5701: result: func_convert_file_noop
configure:5708: checking for /usr/bin/ld option to reload object files
configure:5715: result: -r
configure:5789: checking for objdump
configure:5805: found /usr/bin/objdump
configure:5816: result: objdump
configure:5848: checking how to recognize dependent libraries
configure:6046: result: pass_all
configure:6131: checking for dlltool
configure:6161: result: no
configure:6191: checking how to associate runtime and link libraries
configure:6218: result: printf %s\n
configure:6342: checking for archiver @FILE support
configure:6359: gcc -c -g -O2  conftest.c >&5
configure:6359: $? = 0
configure:6362: ar cru libconftest.a @conftest.lst >&5
configure:6365: $? = 0
configure:6370: ar cru libconftest.a @conftest.lst >&5
ar: conftest.o: No such file or directory
configure:6373: $? = 1
configure:6385: result: @
configure:6443: checking for strip
configure:6459: found /usr/bin/strip
configure:6470: result: strip
configure:6542: checking for ranlib
configure:6558: found /usr/bin/ranlib
configure:6569: result: ranlib
configure:6671: checking command to parse /usr/bin/nm -B output from gcc object
configure:6791: gcc -c -g -O2  conftest.c >&5
configure:6794: $? = 0
configure:6798: /usr/bin/nm -B conftest.o \| sed -n -e 's/^.*[ ]\([ABCDGIRSTW][ABCDGIRSTW]*\)[ ][ ]*\([_A-Za-z][_A-Za-z0-9]*\)$/\1 \2 \2/p' | sed '/ __gnu_lto/d' \> conftest.nm
configure:6801: $? = 0
configure:6867: gcc -o conftest -g -O2   conftest.c conftstm.o >&5
configure:6870: $? = 0
configure:6908: result: ok
configure:6945: checking for sysroot
configure:6975: result: no
configure:7052: gcc -c -g -O2  conftest.c >&5
configure:7055: $? = 0
configure:7244: checking for mt
configure:7260: found /bin/mt
configure:7271: result: mt
configure:7294: checking if mt is a manifest tool
configure:7300: mt '-?'
configure:7308: result: no
configure:7950: checking how to run the C preprocessor
configure:7981: gcc -E  conftest.c
configure:7981: $? = 0
configure:7995: gcc -E  conftest.c
conftest.c:11:28: fatal error: ac_nonexistent.h: No such file or directory
 #include <ac_nonexistent.h>
                            ^
compilation terminated.
configure:7995: $? = 1
configure: failed program was:
| /* confdefs.h */
| #define PACKAGE_NAME "Roman"
| #define PACKAGE_TARNAME "roman"
| #define PACKAGE_VERSION "0.0"
| #define PACKAGE_STRING "Roman 0.0"
| #define PACKAGE_BUGREPORT ""
| #define PACKAGE_URL ""
| #define PACKAGE "roman"
| #define VERSION "0.0"
| /* end confdefs.h.  */
| #include <ac_nonexistent.h>
configure:8020: result: gcc -E
configure:8040: gcc -E  conftest.c
configure:8040: $? = 0
configure:8054: gcc -E  conftest.c
conftest.c:11:28: fatal error: ac_nonexistent.h: No such file or directory
 #include <ac_nonexistent.h>
                            ^
compilation terminated.
configure:8054: $? = 1
configure: failed program was:
| /* confdefs.h */
| #define PACKAGE_NAME "Roman"
| #define PACKAGE_TARNAME "roman"
| #define PACKAGE_VERSION "0.0"
| #define PACKAGE_STRING "Roman 0.0"
| #define PACKAGE_BUGREPORT ""
| #define PACKAGE_URL ""
| #define PACKAGE "roman"
| #define VERSION "0.0"
| /* end confdefs.h.  */
| #include <ac_nonexistent.h>
configure:8083: checking for ANSI C header files
configure:8103: gcc -c -g -O2  conftest.c >&5
configure:8103: $? = 0
configure:8176: gcc -o conftest -g -O2   conftest.c  >&5
configure:8176: $? = 0
configure:8176: ./conftest
configure:8176: $? = 0
configure:8187: result: yes
configure:8200: checking for sys/types.h
configure:8200: gcc -c -g -O2  conftest.c >&5
configure:8200: $? = 0
configure:8200: result: yes
configure:8200: checking for sys/stat.h
configure:8200: gcc -c -g -O2  conftest.c >&5
configure:8200: $? = 0
configure:8200: result: yes
configure:8200: checking for stdlib.h
configure:8200: gcc -c -g -O2  conftest.c >&5
configure:8200: $? = 0
configure:8200: result: yes
configure:8200: checking for string.h
configure:8200: gcc -c -g -O2  conftest.c >&5
configure:8200: $? = 0
configure:8200: result: yes
configure:8200: checking for memory.h
configure:8200: gcc -c -g -O2  conftest.c >&5
configure:8200: $? = 0
configure:8200: result: yes
configure:8200: checking for strings.h
configure:8200: gcc -c -g -O2  conftest.c >&5
configure:8200: $? = 0
configure:8200: result: yes
configure:8200: checking for inttypes.h
configure:8200: gcc -c -g -O2  conftest.c >&5
configure:8200: $? = 0
configure:8200: result: yes
configure:8200: checking for stdint.h
configure:8200: gcc -c -g -O2  conftest.c >&5
configure:8200: $? = 0
configure:8200: result: yes
configure:8200: checking for unistd.h
configure:8200: gcc -c -g -O2  conftest.c >&5
configure:8200: $? = 0
configure:8200: result: yes
configure:8214: checking for dlfcn.h
configure:8214: gcc -c -g -O2  conftest.c >&5
configure:8214: $? = 0
configure:8214: result: yes
configure:8420: checking for objdir
configure:8435: result: .libs
configure:8702: checking if gcc supports -fno-rtti -fno-exceptions
configure:8720: gcc -c -g -O2  -fno-rtti -fno-exceptions conftest.c >&5
cc1: warning: command line option '-fno-rtti' is valid for C++/ObjC++ but not for C [enabled by default]
configure:8724: $? = 0
configure:8737: result: no
configure:9064: checking for gcc option to produce PIC
configure:9071: result: -fPIC -DPIC
configure:9079: checking if gcc PIC flag -fPIC -DPIC works
configure:9097: gcc -c -g -O2  -fPIC -DPIC -DPIC conftest.c >&5
configure:9101: $? = 0
configure:9114: result: yes
configure:9143: checking if gcc static flag -static works
configure:9171: result: yes
configure:9186: checking if gcc supports -c -o file.o
configure:9207: gcc -c -g -O2  -o out/conftest2.o conftest.c >&5
configure:9211: $? = 0
configure:9233: result: yes
configure:9241: checking if gcc supports -c -o file.o
configure:9288: result: yes
configure:9321: checking whether the gcc linker (/usr/bin/ld -m elf_x86_64) supports shared libraries
configure:10478: result: yes
configure:10515: checking whether -lc should be explicitly linked in
configure:10523: gcc -c -g -O2  conftest.c >&5
configure:10526: $? = 0
configure:10541: gcc -shared  -fPIC -DPIC conftest.o  -v -Wl,-soname -Wl,conftest -o conftest 2\>\&1 \| /bin/grep  -lc  \>/dev/null 2\>\&1
configure:10544: $? = 0
configure:10558: result: no
configure:10718: checking dynamic linker characteristics
configure:11218: gcc -o conftest -g -O2   -Wl,-rpath -Wl,/foo conftest.c  >&5
configure:11218: $? = 0
configure:11452: result: GNU/Linux ld.so
configure:11559: checking how to hardcode library paths into programs
configure:11584: result: immediate
configure:12124: checking whether stripping libraries is possible
configure:12129: result: yes
configure:12164: checking if libtool supports shared libraries
configure:12166: result: yes
configure:12169: checking whether to build shared libraries
configure:12190: result: yes
configure:12193: checking whether to build static libraries
configure:12197: result: yes
configure:12291: checking for pkg-config
configure:12309: found /usr/bin/pkg-config
configure:12321: result: /usr/bin/pkg-config
configure:12346: checking pkg-config is at least version 0.9.0
configure:12349: result: yes
configure:12359: checking for CHECK
configure:12366: $PKG_CONFIG --exists --print-errors "check >= 0.9.6"
configure:12369: $? = 0
configure:12383: $PKG_CONFIG --exists --print-errors "check >= 0.9.6"
configure:12386: $? = 0
configure:12444: result: yes
configure:12451: checking for ANSI C header files
configure:12555: result: yes
configure:12565: checking for stdlib.h
configure:12565: result: yes
configure:12581: checking for stdlib.h
configure:12581: result: yes
configure:12591: checking for GNU libc compatible malloc
configure:12615: gcc -o conftest -g -O2   conftest.c  >&5
configure:12615: $? = 0
configure:12615: ./conftest
configure:12615: $? = 0
configure:12625: result: yes
configure:12763: checking that generated files are newer than configure
configure:12769: result: done
configure:12792: creating ./config.status

## ---------------------- ##
## Running config.status. ##
## ---------------------- ##

This file was extended by Roman config.status 0.0, which was
generated by GNU Autoconf 2.69.  Invocation command line was

  CONFIG_FILES    = 
  CONFIG_HEADERS  = 
  CONFIG_LINKS    = 
  CONFIG_COMMANDS = 
  $ ./config.status 

on alewis-VirtualBox

config.status:1091: creating Makefile
config.status:1091: creating src/Makefile
config.status:1091: creating tests/Makefile
config.status:1091: creating config.h
config.status:1320: executing depfiles commands
config.status:1320: executing libtool commands

## ---------------- ##
## Cache variables. ##
## ---------------- ##

ac_cv_build=x86_64-unknown-linux-gnu
ac_cv_c_compiler_gnu=yes
ac_cv_env_CC_set=
ac_cv_env_CC_value=
ac_cv_env_CFLAGS_set=
ac_cv_env_CFLAGS_value=
ac_cv_env_CHECK_CFLAGS_set=
ac_cv_env_CHECK_CFLAGS_value=
ac_cv_env_CHECK_LIBS_set=
ac_cv_env_CHECK_LIBS_value=
ac_cv_env_CPPFLAGS_set=
ac_cv_env_CPPFLAGS_value=
ac_cv_env_CPP_set=
ac_cv_env_CPP_value=
ac_cv_env_LDFLAGS_set=
ac_cv_env_LDFLAGS_value=
ac_cv_env_LIBS_set=
ac_cv_env_LIBS_value=
ac_cv_env_PKG_CONFIG_LIBDIR_set=
ac_cv_env_PKG_CONFIG_LIBDIR_value=
ac_cv_env_PKG_CONFIG_PATH_set=
ac_cv_env_PKG_CONFIG_PATH_value=
ac_cv_env_PKG_CONFIG_set=
ac_cv_env_PKG_CONFIG_value=
ac_cv_env_build_alias_set=
ac_cv_env_build_alias_value=
ac_cv_env_host_alias_set=
ac_cv_env_host_alias_value=
ac_cv_env_target_alias_set=
ac_cv_env_target_alias_value=
ac_cv_func_malloc_0_nonnull=yes
ac_cv_header_dlfcn_h=yes
ac_cv_header_inttypes_h=yes
ac_cv_header_memory_h=yes
ac_cv_header_stdc=yes
ac_cv_header_stdint_h=yes
ac_cv_header_stdlib_h=yes
ac_cv_header_string_h=yes
ac_cv_header_strings_h=yes
ac_cv_header_sys_stat_h=yes
ac_cv_header_sys_types_h=yes
ac_cv_header_unistd_h=yes
ac_cv_host=x86_64-unknown-linux-gnu
ac_cv_objext=o
ac_cv_path_EGREP='/bin/grep -E'
ac_cv_path_FGREP='/bin/grep -F'
ac_cv_path_GREP=/bin/grep
ac_cv_path_SED=/bin/sed
ac_cv_path_ac_pt_PKG_CONFIG=/usr/bin/pkg-config
ac_cv_path_install='/usr/bin/install -c'
ac_cv_path_mkdir=/bin/mkdir
ac_cv_prog_AWK=mawk
ac_cv_prog_CPP='gcc -E'
ac_cv_prog_ac_ct_AR=ar
ac_cv_prog_ac_ct_CC=gcc
ac_cv_prog_ac_ct_MANIFEST_TOOL=mt
ac_cv_prog_ac_ct_OBJDUMP=objdump
ac_cv_prog_ac_ct_RANLIB=ranlib
ac_cv_prog_ac_ct_STRIP=strip
ac_cv_prog_cc_c89=
ac_cv_prog_cc_g=yes
ac_cv_prog_make_make_set=yes
am_cv_CC_dependencies_compiler_type=gcc3
am_cv_ar_interface=ar
am_cv_make_support_nested_variables=yes
am_cv_prog_cc_c_o=yes
lt_cv_ar_at_file=@
lt_cv_archive_cmds_need_lc=no
lt_cv_deplibs_check_method=pass_all
lt_cv_file_magic_cmd='$MAGIC_CMD'
lt_cv_file_magic_test_file=
lt_cv_ld_reload_flag=-r
lt_cv_nm_interface='BSD nm'
lt_cv_objdir=.libs
lt_cv_path_LD=/usr/bin/ld
lt_cv_path_NM='/usr/bin/nm -B'
lt_cv_path_mainfest_tool=no
lt_cv_prog_compiler_c_o=yes
lt_cv_prog_compiler_pic='-fPIC -DPIC'
lt_cv_prog_compiler_pic_works=yes
lt_cv_prog_compiler_rtti_exceptions=no
lt_cv_prog_compiler_static_works=yes
lt_cv_prog_gnu_ld=yes
lt_cv_sharedlib_from_linklib_cmd='printf %s\n'
lt_cv_shlibpath_overrides_runpath=no
lt_cv_sys_global_symbol_pipe='sed -n -e '\''s/^.*[	 ]\([ABCDGIRSTW][ABCDGIRSTW]*\)[	 ][	 ]*\([_A-Za-z][_A-Za-z0-9]*\)$/\1 \2 \2/p'\'' | sed '\''/ __gnu_lto/d'\'''
lt_cv_sys_global_symbol_to_c_name_address='sed -n -e '\''s/^: \([^ ]*\)[ ]*$/  {\"\1\", (void *) 0},/p'\'' -e '\''s/^[ABCDGIRSTW]* \([^ ]*\) \([^ ]*\)$/  {"\2", (void *) \&\2},/p'\'''
lt_cv_sys_global_symbol_to_c_name_address_lib_prefix='sed -n -e '\''s/^: \([^ ]*\)[ ]*$/  {\"\1\", (void *) 0},/p'\'' -e '\''s/^[ABCDGIRSTW]* \([^ ]*\) \(lib[^ ]*\)$/  {"\2", (void *) \&\2},/p'\'' -e '\''s/^[ABCDGIRSTW]* \([^ ]*\) \([^ ]*\)$/  {"lib\2", (void *) \&\2},/p'\'''
lt_cv_sys_global_symbol_to_cdecl='sed -n -e '\''s/^T .* \(.*\)$/extern int \1();/p'\'' -e '\''s/^[ABCDGIRSTW]* .* \(.*\)$/extern char \1;/p'\'''
lt_cv_sys_max_cmd_len=1572864
lt_cv_to_host_file_cmd=func_convert_file_noop
lt_cv_to_tool_file_cmd=func_convert_file_noop
pkg_cv_CHECK_CFLAGS='-pthread -I/usr/local/include  '
pkg_cv_CHECK_LIBS='-L/usr/local/lib -lcheck  '

## ----------------- ##
## Output variables. ##
## ----------------- ##

ACLOCAL='aclocal-1.14'
AMDEPBACKSLASH='\'
AMDEP_FALSE='#'
AMDEP_TRUE=''
AMTAR='$${TAR-tar}'
AM_BACKSLASH='\'
AM_DEFAULT_V='$(AM_DEFAULT_VERBOSITY)'
AM_DEFAULT_VERBOSITY='1'
AM_V='$(V)'
AR='ar'
AUTOCONF='autoconf'
AUTOHEADER='autoheader'
AUTOMAKE='automake-1.14'
AWK='mawk'
CC='gcc'
CCDEPMODE='depmode=gcc3'
CFLAGS='-g -O2'
CHECK_CFLAGS='-pthread -I/usr/local/include  '
CHECK_LIBS='-L/usr/local/lib -lcheck  '
CPP='gcc -E'
CPPFLAGS=''
CYGPATH_W='echo'
DEFS='-DHAVE_CONFIG_H'
DEPDIR='.deps'
DLLTOOL='false'
DSYMUTIL=''
DUMPBIN=''
ECHO_C=''
ECHO_N='-n'
ECHO_T=''
EGREP='/bin/grep -E'
EXEEXT=''
FGREP='/bin/grep -F'
GREP='/bin/grep'
INSTALL_DATA='${INSTALL} -m 644'
INSTALL_PROGRAM='${INSTALL}'
INSTALL_SCRIPT='${INSTALL}'
INSTALL_STRIP_PROGRAM='$(install_sh) -c -s'
LD='/usr/bin/ld -m elf_x86_64'
LDFLAGS=''
LIBOBJS=''
LIBS=''
LIBTOOL='$(SHELL) $(top_builddir)/libtool'
LIPO=''
LN_S='ln -s'
LTLIBOBJS=''
MAKEINFO='makeinfo'
MANIFEST_TOOL=':'
MKDIR_P='/bin/mkdir -p'
NM='/usr/bin/nm -B'
NMEDIT=''
OBJDUMP='objdump'
OBJEXT='o'
OTOOL64=''
OTOOL=''
PACKAGE='roman'
PACKAGE_BUGREPORT=''
PACKAGE_NAME='Roman'
PACKAGE_STRING='Roman 0.0'
PACKAGE_TARNAME='roman'
PACKAGE_URL=''
PACKAGE_VERSION='0.0'
PATH_SEPARATOR=':'
PKG_CONFIG='/usr/bin/pkg-config'
PKG_CONFIG_LIBDIR=''
PKG_CONFIG_PATH=''
RANLIB='ranlib'
SED='/bin/sed'
SET_MAKE=''
SHELL='/bin/bash'
STRIP='strip'
VERSION='0.0'
ac_ct_AR='ar'
ac_ct_CC='gcc'
ac_ct_DUMPBIN=''
am__EXEEXT_FALSE=''
am__EXEEXT_TRUE='#'
am__fastdepCC_FALSE='#'
am__fastdepCC_TRUE=''
am__include='include'
am__isrc=''
am__leading_dot='.'
am__nodep='_no'
am__quote=''
am__tar='$${TAR-tar} chof - "$$tardir"'
am__untar='$${TAR-tar} xf -'
bindir='${exec_prefix}/bin'
build='x86_64-unknown-linux-gnu'
build_alias=''
build_cpu='x86_64'
build_os='linux-gnu'
build_vendor='unknown'
datadir='${datarootdir}'
datarootdir='${prefix}/share'
docdir='${datarootdir}/doc/${PACKAGE_TARNAME}'
dvidir='${docdir}'
exec_prefix='${prefix}'
host='x86_64-unknown-linux-gnu'
host_alias=''
host_cpu='x86_64'
host_os='linux-gnu'
host_vendor='unknown'
htmldir='${docdir}'
includedir='${prefix}/include'
infodir='${datarootdir}/info'
install_sh='${SHELL} /home/alewis/install-sh'
libdir='${exec_prefix}/lib'
libexecdir='${exec_prefix}/libexec'
localedir='${datarootdir}/locale'
localstatedir='${prefix}/var'
mandir='${datarootdir}/man'
mkdir_p='$(MKDIR_P)'
oldincludedir='/usr/include'
pdfdir='${docdir}'
prefix='/usr/local'
program_transform_name='s,x,x,'
psdir='${docdir}'
sbindir='${exec_prefix}/sbin'
sharedstatedir='${prefix}/com'
sysconfdir='${prefix}/etc'
target_alias=''

## ----------- ##
## confdefs.h. ##
## ----------- ##

/* confdefs.h */
#define PACKAGE_NAME "Roman"
#define PACKAGE_TARNAME "roman"
#define PACKAGE_VERSION "0.0"
#define PACKAGE_STRING "Roman 0.0"
#define PACKAGE_BUGREPORT ""
#define PACKAGE_URL ""
#define PACKAGE "roman"
#define VERSION "0.0"
#define STDC_HEADERS 1
#define HAVE_SYS_TYPES_H 1
#define HAVE_SYS_STAT_H 1
#define HAVE_STDLIB_H 1
#define HAVE_STRING_H 1
#define HAVE_MEMORY_H 1
#define HAVE_STRINGS_H 1
#define HAVE_INTTYPES_H 1
#define HAVE_STDINT_H 1
#define HAVE_UNISTD_H 1
#define HAVE_DLFCN_H 1
#define LT_OBJDIR ".libs/"
#define STDC_HEADERS 1
#define HAVE_STDLIB_H 1
#define HAVE_STDLIB_H 1
#define HAVE_MALLOC 1

configure: exit 0

## ---------------------- ##
## Running config.status. ##
## ---------------------- ##

This file was extended by Roman config.status 0.0, which was
generated by GNU Autoconf 2.69.  Invocation command line was

  CONFIG_FILES    = 
  CONFIG_HEADERS  = 
  CONFIG_LINKS    = 
  CONFIG_COMMANDS = 
  $ ./config.status config.h

on alewis-VirtualBox

config.status:1091: creating config.h
config.status:1272: config.h is unchanged
